<?xml version="1.0" encoding="UTF-8"?>
<!-- Generated by org.testng.reporters.JUnitReportReporter -->
<testsuite hostname="DESKTOP-58UFGNN" failures="0" tests="1" name="extentreport.SampleTest" time="1.011" errors="0" timestamp="2024-05-09T12:03:18 IST" skipped="0">
  <testcase classname="extentreport.SampleTest" name="createContacttest" time="1.011"/>
</testsuite> <!-- extentreport.SampleTest -->
