<?xml version="1.0" encoding="UTF-8"?>
<!-- Generated by org.testng.reporters.JUnitReportReporter -->
<testsuite hostname="DESKTOP-58UFGNN" failures="0" tests="1" name="maven.ReadDataFromTestNgXmlTest" time="0.016" errors="0" timestamp="19 Apr 2024 12:32:21 GMT" skipped="0">
  <testcase classname="maven.ReadDataFromTestNgXmlTest" name="sample" time="0.016"/>
</testsuite> <!-- maven.ReadDataFromTestNgXmlTest -->
