<?xml version="1.0" encoding="UTF-8"?>
<!-- Generated by org.testng.reporters.JUnitReportReporter -->
<testsuite hostname="DESKTOP-58UFGNN" failures="0" tests="1" name="maven.DdtExicution" time="28.373" errors="0" timestamp="20 Apr 2024 03:23:39 GMT" skipped="0">
  <testcase classname="maven.DdtExicution" name="samp" time="28.373"/>
</testsuite> <!-- maven.DdtExicution -->
