<?xml version="1.0" encoding="UTF-8"?>
<!-- Generated by org.testng.reporters.JUnitReportReporter -->
<testsuite hostname="DESKTOP-58UFGNN" failures="0" tests="1" name="com.comcat.crm.orgtest.CreateOrganizationTest" time="34.313" errors="0" timestamp="2024-05-15T18:59:06 IST" skipped="0">
  <testcase classname="com.comcat.crm.orgtest.CreateOrganizationTest" name="createOrganizationtest" time="34.313"/>
</testsuite> <!-- com.comcat.crm.orgtest.CreateOrganizationTest -->
