<?xml version="1.0" encoding="UTF-8"?>
<!-- Generated by org.testng.reporters.JUnitReportReporter -->
<testsuite hostname="DESKTOP-58UFGNN" failures="0" tests="1" name="com.comcat.crm.contacttest.CreateContactTest" time="15.328" errors="0" timestamp="2024-05-15T18:55:04 IST" skipped="0">
  <testcase classname="com.comcat.crm.contacttest.CreateContactTest" name="CreateContactWithSupportDateTest" time="15.328"/>
</testsuite> <!-- com.comcat.crm.contacttest.CreateContactTest -->
