<?xml version="1.0" encoding="UTF-8"?>
<!-- Generated by org.testng.reporters.JUnitReportReporter -->
<testsuite hostname="DESKTOP-58UFGNN" failures="0" tests="3" name="practiseTEST.GetProductInfoTest" time="35.521" errors="0" timestamp="2024-05-01T11:23:25 IST" skipped="0">
  <testcase classname="practiseTEST.GetProductInfoTest" name="getProductInfoTest" time="9.077"/>
  <testcase classname="practiseTEST.GetProductInfoTest" name="getProductInfoTest" time="12.479"/>
  <testcase classname="practiseTEST.GetProductInfoTest" name="getProductInfoTest" time="13.965"/>
</testsuite> <!-- practiseTEST.GetProductInfoTest -->
