<?xml version="1.0" encoding="UTF-8"?>
<!-- Generated by org.testng.reporters.JUnitReportReporter -->
<testsuite hostname="DESKTOP-58UFGNN" failures="0" tests="1" name="practiseTEST.TakeScreenShot" time="40.358" errors="0" timestamp="2024-05-06T15:48:44 IST" skipped="0">
  <testcase classname="practiseTEST.TakeScreenShot" name="screenShot" time="40.358"/>
</testsuite> <!-- practiseTEST.TakeScreenShot -->
